Removed Pin From Net: NetName=V_Batt Pin=B1-1
Removed Pin From Net: NetName=GND Pin=B1-2
Removed Pin From Net: NetName=VS Pin=S1-1
Removed Pin From Net: NetName=VS Pin=S1-1
Removed Pin From Net: NetName=V_Batt Pin=S1-2
Removed Pin From Net: NetName=V_Batt Pin=S1-2
Removed Member From Class: ClassName=Sheet1 Member=B1
Removed Member From Class: ClassName=Sheet1 Member=S1
Added Component: Designator=P1(HDR1X2)
Add component (AddParameter): Name = "LatestRevisionDate"; Value = "17-Jul-2002"; VariantName = "[No Variations]"
Add component (AddParameter): Name = "LatestRevisionNote"; Value = "Re-released for DXP Platform."; VariantName = "[No Variations]"
Add component (AddParameter): Name = "Publisher"; Value = "Altium Limited"; VariantName = "[No Variations]"
Added Component: Designator=P2(HDR1X2)
Add component (AddParameter): Name = "LatestRevisionDate"; Value = "17-Jul-2002"; VariantName = "[No Variations]"
Add component (AddParameter): Name = "LatestRevisionNote"; Value = "Re-released for DXP Platform."; VariantName = "[No Variations]"
Add component (AddParameter): Name = "Publisher"; Value = "Altium Limited"; VariantName = "[No Variations]"
Added Pin To Net: NetName=V_Batt Pin=P1-1
Added Pin To Net: NetName=VS Pin=P1-2
Added Pin To Net: NetName=GND Pin=P2-1
Added Pin To Net: NetName=V_Batt Pin=P2-2
Added Member To Class: ClassName=Sheet1 Member=Component P1 Switch header
Added Member To Class: ClassName=Sheet1 Member=Component P2 Battery Header
