Removed Pin From Net: NetName=NetLED1_1 Pin=LED1-1
Removed Pin From Net: NetName=NetLED1_1 Pin=LED2-1
Removed Pin From Net: NetName=NetLED1_1 Pin=Q1-2
Removed Pin From Net: NetName=VCC Pin=R2-2
Removed Pin From Net: NetName=VCC Pin=R3-2
Added Component: Designator=LED1(0805_A)
Add component (AddParameter): Name = "Color"; Value = "Red"; VariantName = "[No Variations]"
Add component (AddParameter): Name = "ComponentLink1Description"; Value = "Manufacturer URL"; VariantName = "[No Variations]"
Add component (AddParameter): Name = "ComponentLink1URL"; Value = "http://www.we-online.com"; VariantName = "[No Variations]"
Add component (AddParameter): Name = "ComponentLink2Description"; Value = "Datasheet"; VariantName = "[No Variations]"
Add component (AddParameter): Name = "ComponentLink2URL"; Value = "http://katalog.we-online.com/led/datasheet/150080RS75000.pdf"; VariantName = "[No Variations]"
Add component (AddParameter): Name = "Manufacturer"; Value = "Wuerth Elektronik"; VariantName = "[No Variations]"
Add component (AddParameter): Name = "PackageReference"; Value = "0805_A"; VariantName = "[No Variations]"
Add component (AddParameter): Name = "PartNumber"; Value = "150080RS75000"; VariantName = "[No Variations]"
Added Pin To Net: NetName=NetLED1_1 Pin=LED1-1
Added Pin To Net: NetName=VCC Pin=LED1-2
Added Pin To Net: NetName=VCC Pin=LED2-2
Added Pin To Net: NetName=NetLED1_1 Pin=R2-2
Added Pin To Net: NetName=NetLED2_1 Pin=LED2-1
Added Pin To Net: NetName=NetLED2_1 Pin=R3-2
Added Net: Name=NetLED2_1
Added Pin To Net: NetName=NetQ1_2 Pin=Q1-2
Added Pin To Net: NetName=NetQ1_2 Pin=R2-1
Added Pin To Net: NetName=NetQ1_2 Pin=R3-1
Added Net: Name=NetQ1_2
Added Room: Name=Sheet1
